127.0.0.1 - - [09/Mar/2015:03:43:49 +0000] "GET /p/users/queryAll HTTP/1.1" 200 66 "-" "Mozilla/5.0 (Windows NT 6.1; WOW64) AppleWebKit/537.36 (KHTML, like Gecko) Chrome/40.0.2214.115 Safari/537.36"
127.0.0.1 - - [09/Mar/2015:03:47:52 +0000] "GET /p/users/queryAll HTTP/1.1" 200 66 "-" "Mozilla/5.0 (Windows NT 6.1; WOW64) AppleWebKit/537.36 (KHTML, like Gecko) Chrome/40.0.2214.115 Safari/537.36"
127.0.0.1 - - [09/Mar/2015:13:30:55 +0000] "GET /p/users/ HTTP/1.1" 304 - "-" "Mozilla/5.0 (Windows NT 6.1; WOW64) AppleWebKit/537.36 (KHTML, like Gecko) Chrome/40.0.2214.115 Safari/537.36"
127.0.0.1 - - [09/Mar/2015:13:31:35 +0000] "POST /p/users/updateUser HTTP/1.1" 200 415 "http://localhost:3000/p/users/" "Mozilla/5.0 (Windows NT 6.1; WOW64) AppleWebKit/537.36 (KHTML, like Gecko) Chrome/40.0.2214.115 Safari/537.36"
127.0.0.1 - - [09/Mar/2015:13:31:44 +0000] "GET /p/users/ HTTP/1.1" 304 - "-" "Mozilla/5.0 (Windows NT 6.1; WOW64) AppleWebKit/537.36 (KHTML, like Gecko) Chrome/40.0.2214.115 Safari/537.36"
::1 - - [25/May/2017:09:06:27 +0000] "GET /users/addUser?name=xyz&age=18 HTTP/1.1" 404 1107 "-" "Mozilla/5.0 (Windows NT 10.0; Win64; x64) AppleWebKit/537.36 (KHTML, like Gecko) Chrome/58.0.3029.110 Safari/537.36"
::1 - - [25/May/2017:09:07:42 +0000] "GET /users/addUser?name=xyz&age=18 HTTP/1.1" 404 1107 "-" "Mozilla/5.0 (Windows NT 10.0; Win64; x64) AppleWebKit/537.36 (KHTML, like Gecko) Chrome/58.0.3029.110 Safari/537.36"
::1 - - [25/May/2017:09:07:45 +0000] "GET /users/addUser?name=xyz&age=18 HTTP/1.1" 404 1107 "-" "Mozilla/5.0 (Windows NT 10.0; Win64; x64) AppleWebKit/537.36 (KHTML, like Gecko) Chrome/58.0.3029.110 Safari/537.36"
::1 - - [25/May/2017:09:09:11 +0000] "GET /users/addUser HTTP/1.1" 404 1107 "-" "Mozilla/5.0 (Windows NT 10.0; Win64; x64) AppleWebKit/537.36 (KHTML, like Gecko) Chrome/58.0.3029.110 Safari/537.36"
::1 - - [25/May/2017:09:09:18 +0000] "GET /users HTTP/1.1" 404 1107 "-" "Mozilla/5.0 (Windows NT 10.0; Win64; x64) AppleWebKit/537.36 (KHTML, like Gecko) Chrome/58.0.3029.110 Safari/537.36"
::1 - - [25/May/2017:09:09:23 +0000] "GET / HTTP/1.1" 200 170 "-" "Mozilla/5.0 (Windows NT 10.0; Win64; x64) AppleWebKit/537.36 (KHTML, like Gecko) Chrome/58.0.3029.110 Safari/537.36"
::1 - - [25/May/2017:09:16:09 +0000] "GET /addUser?name=xyz&age=18 HTTP/1.1" 404 1107 "-" "Mozilla/5.0 (Windows NT 10.0; Win64; x64) AppleWebKit/537.36 (KHTML, like Gecko) Chrome/58.0.3029.110 Safari/537.36"
::1 - - [25/May/2017:09:18:57 +0000] "GET /updateUser HTTP/1.1" 404 1107 "-" "Mozilla/5.0 (Windows NT 10.0; Win64; x64) AppleWebKit/537.36 (KHTML, like Gecko) Chrome/58.0.3029.110 Safari/537.36"
::1 - - [25/May/2017:09:20:12 +0000] "GET / HTTP/1.1" 200 170 "-" "Mozilla/5.0 (Windows NT 10.0; Win64; x64) AppleWebKit/537.36 (KHTML, like Gecko) Chrome/58.0.3029.110 Safari/537.36"
::1 - - [25/May/2017:09:20:33 +0000] "GET / HTTP/1.1" 304 - "-" "Mozilla/5.0 (Windows NT 10.0; Win64; x64) AppleWebKit/537.36 (KHTML, like Gecko) Chrome/58.0.3029.110 Safari/537.36"
::1 - - [25/May/2017:09:21:39 +0000] "GET /addUser?name=xyz&age=18 HTTP/1.1" 404 1107 "-" "Mozilla/5.0 (Windows NT 10.0; Win64; x64) AppleWebKit/537.36 (KHTML, like Gecko) Chrome/58.0.3029.110 Safari/537.36"
::1 - - [25/May/2017:09:23:58 +0000] "GET //p/users HTTP/1.1" 404 1107 "-" "Mozilla/5.0 (Windows NT 10.0; Win64; x64) AppleWebKit/537.36 (KHTML, like Gecko) Chrome/58.0.3029.110 Safari/537.36"
::1 - - [25/May/2017:09:24:01 +0000] "GET //p/users HTTP/1.1" 404 1107 "-" "Mozilla/5.0 (Windows NT 10.0; Win64; x64) AppleWebKit/537.36 (KHTML, like Gecko) Chrome/58.0.3029.110 Safari/537.36"
::1 - - [25/May/2017:09:24:05 +0000] "GET //p/users HTTP/1.1" 404 1107 "-" "Mozilla/5.0 (Windows NT 10.0; Win64; x64) AppleWebKit/537.36 (KHTML, like Gecko) Chrome/58.0.3029.110 Safari/537.36"
::1 - - [25/May/2017:09:37:43 +0000] "GET /users/addUser HTTP/1.1" 404 1107 "-" "Mozilla/5.0 (Windows NT 10.0; Win64; x64) AppleWebKit/537.36 (KHTML, like Gecko) Chrome/58.0.3029.110 Safari/537.36"
::1 - - [25/May/2017:09:37:51 +0000] "GET /updateUser HTTP/1.1" 404 1107 "-" "Mozilla/5.0 (Windows NT 10.0; Win64; x64) AppleWebKit/537.36 (KHTML, like Gecko) Chrome/58.0.3029.110 Safari/537.36"
::1 - - [25/May/2017:09:42:13 +0000] "GET /users/addUser?name=xyz&age=18 HTTP/1.1" 404 1107 "-" "Mozilla/5.0 (Windows NT 10.0; Win64; x64) AppleWebKit/537.36 (KHTML, like Gecko) Chrome/58.0.3029.110 Safari/537.36"
::1 - - [25/May/2017:09:43:31 +0000] "GET /users/addUser?name=xyz&age=18 HTTP/1.1" 404 1111 "-" "Mozilla/5.0 (Windows NT 10.0; Win64; x64) AppleWebKit/537.36 (KHTML, like Gecko) Chrome/58.0.3029.110 Safari/537.36"
::1 - - [25/May/2017:09:44:27 +0000] "GET /users/addUser?name=xyz&age=18 HTTP/1.1" 404 1107 "-" "Mozilla/5.0 (Windows NT 10.0; Win64; x64) AppleWebKit/537.36 (KHTML, like Gecko) Chrome/58.0.3029.110 Safari/537.36"
::1 - - [25/May/2017:09:48:00 +0000] "GET /users/addUser?name=xyz&age=18 HTTP/1.1" 404 1107 "-" "Mozilla/5.0 (Windows NT 10.0; Win64; x64) AppleWebKit/537.36 (KHTML, like Gecko) Chrome/58.0.3029.110 Safari/537.36"
::1 - - [25/May/2017:09:48:28 +0000] "GET /users/addUser?name=xyz&age=18 HTTP/1.1" 404 1107 "-" "Mozilla/5.0 (Windows NT 10.0; Win64; x64) AppleWebKit/537.36 (KHTML, like Gecko) Chrome/58.0.3029.110 Safari/537.36"
::1 - - [25/May/2017:09:48:40 +0000] "GET /addUser?name=xyz&age=18 HTTP/1.1" 404 1107 "-" "Mozilla/5.0 (Windows NT 10.0; Win64; x64) AppleWebKit/537.36 (KHTML, like Gecko) Chrome/58.0.3029.110 Safari/537.36"
::1 - - [25/May/2017:09:48:54 +0000] "GET /p/user/addUser?name=xyz&age=18 HTTP/1.1" 404 1107 "-" "Mozilla/5.0 (Windows NT 10.0; Win64; x64) AppleWebKit/537.36 (KHTML, like Gecko) Chrome/58.0.3029.110 Safari/537.36"
::1 - - [25/May/2017:09:51:04 +0000] "GET /p/users/addUser?name=xyz&age=18 HTTP/1.1" 200 33 "-" "Mozilla/5.0 (Windows NT 10.0; Win64; x64) AppleWebKit/537.36 (KHTML, like Gecko) Chrome/58.0.3029.110 Safari/537.36"
::1 - - [25/May/2017:09:54:31 +0000] "GET /updateUser HTTP/1.1" 404 1107 "-" "Mozilla/5.0 (Windows NT 10.0; Win64; x64) AppleWebKit/537.36 (KHTML, like Gecko) Chrome/58.0.3029.110 Safari/537.36"
::1 - - [25/May/2017:09:54:51 +0000] "GET /p/users/updateUser HTTP/1.1" 404 1107 "-" "Mozilla/5.0 (Windows NT 10.0; Win64; x64) AppleWebKit/537.36 (KHTML, like Gecko) Chrome/58.0.3029.110 Safari/537.36"
::1 - - [25/May/2017:09:54:59 +0000] "GET /p/users/addUser?name=xyz&age=18 HTTP/1.1" 304 - "-" "Mozilla/5.0 (Windows NT 10.0; Win64; x64) AppleWebKit/537.36 (KHTML, like Gecko) Chrome/58.0.3029.110 Safari/537.36"
::1 - - [25/May/2017:10:09:43 +0000] "GET /p/users/addUser?name=xyz&age=18 HTTP/1.1" 200 33 "-" "Mozilla/5.0 (Windows NT 10.0; Win64; x64) AppleWebKit/537.36 (KHTML, like Gecko) Chrome/58.0.3029.110 Safari/537.36"
::1 - - [25/May/2017:10:28:27 +0000] "GET /p/users/updateUser HTTP/1.1" 404 1107 "-" "Mozilla/5.0 (Windows NT 10.0; Win64; x64) AppleWebKit/537.36 (KHTML, like Gecko) Chrome/58.0.3029.110 Safari/537.36"
::1 - - [25/May/2017:10:29:25 +0000] "GET /p/users/layout HTTP/1.1" 404 1107 "-" "Mozilla/5.0 (Windows NT 10.0; Win64; x64) AppleWebKit/537.36 (KHTML, like Gecko) Chrome/58.0.3029.110 Safari/537.36"
::1 - - [25/May/2017:10:30:34 +0000] "GET /p/users HTTP/1.1" 200 524 "-" "Mozilla/5.0 (Windows NT 10.0; Win64; x64) AppleWebKit/537.36 (KHTML, like Gecko) Chrome/58.0.3029.110 Safari/537.36"
::1 - - [25/May/2017:10:30:44 +0000] "POST /p/users/updateUser HTTP/1.1" 200 416 "http://localhost:3000/p/users" "Mozilla/5.0 (Windows NT 10.0; Win64; x64) AppleWebKit/537.36 (KHTML, like Gecko) Chrome/58.0.3029.110 Safari/537.36"
::1 - - [25/May/2017:10:31:08 +0000] "POST /p/users/updateUser HTTP/1.1" 200 416 "http://localhost:3000/p/users" "Mozilla/5.0 (Windows NT 10.0; Win64; x64) AppleWebKit/537.36 (KHTML, like Gecko) Chrome/58.0.3029.110 Safari/537.36"
::1 - - [25/May/2017:10:31:19 +0000] "POST /p/users/updateUser HTTP/1.1" 200 416 "http://localhost:3000/p/users" "Mozilla/5.0 (Windows NT 10.0; Win64; x64) AppleWebKit/537.36 (KHTML, like Gecko) Chrome/58.0.3029.110 Safari/537.36"
::1 - - [25/May/2017:10:32:17 +0000] "GET /p/users HTTP/1.1" 304 - "-" "Mozilla/5.0 (Windows NT 10.0; Win64; x64) AppleWebKit/537.36 (KHTML, like Gecko) Chrome/58.0.3029.110 Safari/537.36"
::1 - - [25/May/2017:10:32:18 +0000] "GET /p/users HTTP/1.1" 304 - "-" "Mozilla/5.0 (Windows NT 10.0; Win64; x64) AppleWebKit/537.36 (KHTML, like Gecko) Chrome/58.0.3029.110 Safari/537.36"
::1 - - [25/May/2017:10:32:24 +0000] "POST /p/users/updateUser HTTP/1.1" 200 416 "http://localhost:3000/p/users" "Mozilla/5.0 (Windows NT 10.0; Win64; x64) AppleWebKit/537.36 (KHTML, like Gecko) Chrome/58.0.3029.110 Safari/537.36"
::1 - - [25/May/2017:10:32:34 +0000] "GET /p/users HTTP/1.1" 304 - "-" "Mozilla/5.0 (Windows NT 10.0; Win64; x64) AppleWebKit/537.36 (KHTML, like Gecko) Chrome/58.0.3029.110 Safari/537.36"
::1 - - [25/May/2017:10:32:35 +0000] "GET /p/users HTTP/1.1" 304 - "-" "Mozilla/5.0 (Windows NT 10.0; Win64; x64) AppleWebKit/537.36 (KHTML, like Gecko) Chrome/58.0.3029.110 Safari/537.36"
::1 - - [25/May/2017:10:32:42 +0000] "POST /p/users/updateUser HTTP/1.1" 200 416 "http://localhost:3000/p/users" "Mozilla/5.0 (Windows NT 10.0; Win64; x64) AppleWebKit/537.36 (KHTML, like Gecko) Chrome/58.0.3029.110 Safari/537.36"
::1 - - [25/May/2017:10:34:39 +0000] "GET /p/users HTTP/1.1" 304 - "-" "Mozilla/5.0 (Windows NT 10.0; Win64; x64) AppleWebKit/537.36 (KHTML, like Gecko) Chrome/58.0.3029.110 Safari/537.36"
::1 - - [25/May/2017:10:34:40 +0000] "GET /p/users HTTP/1.1" 304 - "-" "Mozilla/5.0 (Windows NT 10.0; Win64; x64) AppleWebKit/537.36 (KHTML, like Gecko) Chrome/58.0.3029.110 Safari/537.36"
::1 - - [25/May/2017:10:34:46 +0000] "POST /p/users/updateUser HTTP/1.1" 200 416 "http://localhost:3000/p/users" "Mozilla/5.0 (Windows NT 10.0; Win64; x64) AppleWebKit/537.36 (KHTML, like Gecko) Chrome/58.0.3029.110 Safari/537.36"
::1 - - [25/May/2017:10:36:26 +0000] "POST /p/users/updateUser HTTP/1.1" 200 416 "http://localhost:3000/p/users" "Mozilla/5.0 (Windows NT 10.0; Win64; x64) AppleWebKit/537.36 (KHTML, like Gecko) Chrome/58.0.3029.110 Safari/537.36"
::1 - - [25/May/2017:10:40:10 +0000] "POST /p/users/updateUser HTTP/1.1" 200 416 "http://localhost:3000/p/users" "Mozilla/5.0 (Windows NT 10.0; Win64; x64) AppleWebKit/537.36 (KHTML, like Gecko) Chrome/58.0.3029.110 Safari/537.36"
::1 - - [25/May/2017:10:40:18 +0000] "POST /p/users/updateUser HTTP/1.1" 200 416 "http://localhost:3000/p/users" "Mozilla/5.0 (Windows NT 10.0; Win64; x64) AppleWebKit/537.36 (KHTML, like Gecko) Chrome/58.0.3029.110 Safari/537.36"
::1 - - [25/May/2017:10:43:17 +0000] "GET /p/users/updateUser HTTP/1.1" 404 1107 "-" "Mozilla/5.0 (Windows NT 10.0; Win64; x64) AppleWebKit/537.36 (KHTML, like Gecko) Chrome/58.0.3029.110 Safari/537.36"
::1 - - [25/May/2017:10:43:21 +0000] "GET /p/users/ HTTP/1.1" 200 524 "-" "Mozilla/5.0 (Windows NT 10.0; Win64; x64) AppleWebKit/537.36 (KHTML, like Gecko) Chrome/58.0.3029.110 Safari/537.36"
::1 - - [25/May/2017:10:43:27 +0000] "POST /p/users/updateUser HTTP/1.1" 200 416 "http://localhost:3000/p/users/" "Mozilla/5.0 (Windows NT 10.0; Win64; x64) AppleWebKit/537.36 (KHTML, like Gecko) Chrome/58.0.3029.110 Safari/537.36"
::1 - - [25/May/2017:10:44:14 +0000] "POST /p/users/updateUser HTTP/1.1" 200 416 "http://localhost:3000/p/users/" "Mozilla/5.0 (Windows NT 10.0; Win64; x64) AppleWebKit/537.36 (KHTML, like Gecko) Chrome/58.0.3029.110 Safari/537.36"
::1 - - [31/May/2017:07:53:13 +0000] "GET / HTTP/1.1" 200 170 "-" "Mozilla/5.0 (Windows NT 10.0; Win64; x64) AppleWebKit/537.36 (KHTML, like Gecko) Chrome/58.0.3029.110 Safari/537.36"
::1 - - [31/May/2017:07:53:14 +0000] "GET /favicon.ico HTTP/1.1" 404 1107 "http://localhost:3000/" "Mozilla/5.0 (Windows NT 10.0; Win64; x64) AppleWebKit/537.36 (KHTML, like Gecko) Chrome/58.0.3029.110 Safari/537.36"
::1 - - [31/May/2017:07:53:34 +0000] "GET /p/users HTTP/1.1" 200 524 "-" "Mozilla/5.0 (Windows NT 10.0; Win64; x64) AppleWebKit/537.36 (KHTML, like Gecko) Chrome/58.0.3029.110 Safari/537.36"
::1 - - [31/May/2017:07:54:26 +0000] "POST /p/users/updateUser HTTP/1.1" 200 416 "http://localhost:3000/p/users" "Mozilla/5.0 (Windows NT 10.0; Win64; x64) AppleWebKit/537.36 (KHTML, like Gecko) Chrome/58.0.3029.110 Safari/537.36"
::1 - - [31/May/2017:07:54:30 +0000] "POST /p/users/updateUser HTTP/1.1" 200 416 "http://localhost:3000/p/users" "Mozilla/5.0 (Windows NT 10.0; Win64; x64) AppleWebKit/537.36 (KHTML, like Gecko) Chrome/58.0.3029.110 Safari/537.36"
::1 - - [31/May/2017:07:54:33 +0000] "GET /p/users HTTP/1.1" 304 - "-" "Mozilla/5.0 (Windows NT 10.0; Win64; x64) AppleWebKit/537.36 (KHTML, like Gecko) Chrome/58.0.3029.110 Safari/537.36"
::1 - - [31/May/2017:08:14:33 +0000] "GET / HTTP/1.1" 304 - "-" "Mozilla/5.0 (Windows NT 10.0; Win64; x64) AppleWebKit/537.36 (KHTML, like Gecko) Chrome/58.0.3029.110 Safari/537.36"
::1 - - [31/May/2017:08:14:37 +0000] "GET /p/users/ HTTP/1.1" 200 524 "-" "Mozilla/5.0 (Windows NT 10.0; Win64; x64) AppleWebKit/537.36 (KHTML, like Gecko) Chrome/58.0.3029.110 Safari/537.36"
::1 - - [30/Jun/2018:08:35:15 +0000] "GET /p/users HTTP/1.1" 200 524 "-" "Mozilla/5.0 (Windows NT 10.0; WOW64) AppleWebKit/537.36 (KHTML, like Gecko) Chrome/68.0.3440.15 Safari/537.36"
::1 - - [30/Jun/2018:08:35:15 +0000] "GET /favicon.ico HTTP/1.1" 404 1397 "http://localhost:3000/p/users" "Mozilla/5.0 (Windows NT 10.0; WOW64) AppleWebKit/537.36 (KHTML, like Gecko) Chrome/68.0.3440.15 Safari/537.36"
::1 - - [30/Jun/2018:08:38:15 +0000] "GET /p/users/updateUser HTTP/1.1" 404 1397 "-" "Mozilla/5.0 (Windows NT 10.0; WOW64) AppleWebKit/537.36 (KHTML, like Gecko) Chrome/68.0.3440.15 Safari/537.36"
::1 - - [30/Jun/2018:08:38:36 +0000] "GET /p/users HTTP/1.1" 304 - "-" "Mozilla/5.0 (Windows NT 10.0; WOW64) AppleWebKit/537.36 (KHTML, like Gecko) Chrome/68.0.3440.15 Safari/537.36"
::1 - - [05/Jul/2018:10:19:13 +0000] "GET / HTTP/1.1" 200 170 "-" "Mozilla/5.0 (Windows NT 10.0; WOW64) AppleWebKit/537.36 (KHTML, like Gecko) Chrome/68.0.3440.15 Safari/537.36"
::1 - - [05/Jul/2018:10:19:13 +0000] "GET /favicon.ico HTTP/1.1" 404 1397 "http://localhost:3000/" "Mozilla/5.0 (Windows NT 10.0; WOW64) AppleWebKit/537.36 (KHTML, like Gecko) Chrome/68.0.3440.15 Safari/537.36"
::1 - - [05/Jul/2018:10:19:21 +0000] "GET /p HTTP/1.1" 404 1397 "-" "Mozilla/5.0 (Windows NT 10.0; WOW64) AppleWebKit/537.36 (KHTML, like Gecko) Chrome/68.0.3440.15 Safari/537.36"
::1 - - [05/Jul/2018:10:19:44 +0000] "GET /p/users HTTP/1.1" 200 524 "-" "Mozilla/5.0 (Windows NT 10.0; WOW64) AppleWebKit/537.36 (KHTML, like Gecko) Chrome/68.0.3440.15 Safari/537.36"
::1 - - [05/Jul/2018:10:22:20 +0000] "GET /p/users HTTP/1.1" 304 - "-" "Mozilla/5.0 (Windows NT 10.0; WOW64) AppleWebKit/537.36 (KHTML, like Gecko) Chrome/68.0.3440.15 Safari/537.36"
::1 - - [06/Jul/2018:08:28:26 +0000] "GET /p/users/addUser HTTP/1.1" 200 33 "-" "Mozilla/5.0 (Windows NT 10.0; WOW64) AppleWebKit/537.36 (KHTML, like Gecko) Chrome/68.0.3440.15 Safari/537.36"
::1 - - [06/Jul/2018:08:28:27 +0000] "GET /favicon.ico HTTP/1.1" 404 1397 "http://localhost:3000/p/users/addUser" "Mozilla/5.0 (Windows NT 10.0; WOW64) AppleWebKit/537.36 (KHTML, like Gecko) Chrome/68.0.3440.15 Safari/537.36"
::1 - - [06/Jul/2018:08:29:00 +0000] "GET /p/users/queryAll HTTP/1.1" 200 61 "-" "Mozilla/5.0 (Windows NT 10.0; WOW64) AppleWebKit/537.36 (KHTML, like Gecko) Chrome/68.0.3440.15 Safari/537.36"
::1 - - [06/Jul/2018:08:29:28 +0000] "GET /p/users HTTP/1.1" 200 524 "-" "Mozilla/5.0 (Windows NT 10.0; WOW64) AppleWebKit/537.36 (KHTML, like Gecko) Chrome/68.0.3440.15 Safari/537.36"
::1 - - [06/Jul/2018:08:29:35 +0000] "POST /p/users/updateUser HTTP/1.1" 200 415 "http://localhost:3000/p/users" "Mozilla/5.0 (Windows NT 10.0; WOW64) AppleWebKit/537.36 (KHTML, like Gecko) Chrome/68.0.3440.15 Safari/537.36"
::1 - - [06/Jul/2018:08:29:58 +0000] "POST /p/users/updateUser HTTP/1.1" 200 415 "http://localhost:3000/p/users" "Mozilla/5.0 (Windows NT 10.0; WOW64) AppleWebKit/537.36 (KHTML, like Gecko) Chrome/68.0.3440.15 Safari/537.36"
::1 - - [06/Jul/2018:08:30:21 +0000] "POST /p/users/updateUser HTTP/1.1" 200 415 "http://localhost:3000/p/users" "Mozilla/5.0 (Windows NT 10.0; WOW64) AppleWebKit/537.36 (KHTML, like Gecko) Chrome/68.0.3440.15 Safari/537.36"
::1 - - [06/Jul/2018:08:39:07 +0000] "GET /js/angular.min.js.map HTTP/1.1" 404 1397 "-" "Mozilla/5.0 (Windows NT 10.0; WOW64) AppleWebKit/537.36 (KHTML, like Gecko) Chrome/68.0.3440.15 Safari/537.36"
::1 - - [06/Jul/2018:08:39:18 +0000] "GET /js/angular.min.js.map HTTP/1.1" 404 1397 "-" "Mozilla/5.0 (Windows NT 10.0; WOW64) AppleWebKit/537.36 (KHTML, like Gecko) Chrome/68.0.3440.15 Safari/537.36"
::1 - - [06/Jul/2018:08:39:51 +0000] "GET /js/angular.min.js.map HTTP/1.1" 404 1397 "-" "Mozilla/5.0 (Windows NT 10.0; WOW64) AppleWebKit/537.36 (KHTML, like Gecko) Chrome/68.0.3440.15 Safari/537.36"
::1 - - [06/Jul/2018:08:39:57 +0000] "GET /js/angular.min.js.map HTTP/1.1" 404 1397 "-" "Mozilla/5.0 (Windows NT 10.0; WOW64) AppleWebKit/537.36 (KHTML, like Gecko) Chrome/68.0.3440.15 Safari/537.36"
::1 - - [06/Jul/2018:08:40:59 +0000] "GET /js/angular.min.js.map HTTP/1.1" 404 1397 "-" "Mozilla/5.0 (Windows NT 10.0; WOW64) AppleWebKit/537.36 (KHTML, like Gecko) Chrome/68.0.3440.15 Safari/537.36"
::1 - - [06/Jul/2018:08:41:01 +0000] "GET /js/angular.min.js.map HTTP/1.1" 404 1397 "-" "Mozilla/5.0 (Windows NT 10.0; WOW64) AppleWebKit/537.36 (KHTML, like Gecko) Chrome/68.0.3440.15 Safari/537.36"
::1 - - [06/Jul/2018:08:41:03 +0000] "GET /js/angular.min.js.map HTTP/1.1" 404 1397 "-" "Mozilla/5.0 (Windows NT 10.0; WOW64) AppleWebKit/537.36 (KHTML, like Gecko) Chrome/68.0.3440.15 Safari/537.36"
::1 - - [06/Jul/2018:08:42:08 +0000] "GET /js/angular.min.js.map HTTP/1.1" 404 1397 "-" "Mozilla/5.0 (Windows NT 10.0; WOW64) AppleWebKit/537.36 (KHTML, like Gecko) Chrome/68.0.3440.15 Safari/537.36"
::1 - - [06/Jul/2018:08:42:09 +0000] "GET /js/angular.min.js.map HTTP/1.1" 404 1397 "-" "Mozilla/5.0 (Windows NT 10.0; WOW64) AppleWebKit/537.36 (KHTML, like Gecko) Chrome/68.0.3440.15 Safari/537.36"
::1 - - [06/Jul/2018:08:43:26 +0000] "GET /js/angular.min.js.map HTTP/1.1" 404 1397 "-" "Mozilla/5.0 (Windows NT 10.0; WOW64) AppleWebKit/537.36 (KHTML, like Gecko) Chrome/68.0.3440.15 Safari/537.36"
::1 - - [06/Jul/2018:08:43:27 +0000] "GET /js/angular.min.js.map HTTP/1.1" 404 1397 "-" "Mozilla/5.0 (Windows NT 10.0; WOW64) AppleWebKit/537.36 (KHTML, like Gecko) Chrome/68.0.3440.15 Safari/537.36"
::1 - - [06/Jul/2018:08:43:27 +0000] "GET /js/angular.min.js.map HTTP/1.1" 404 1397 "-" "Mozilla/5.0 (Windows NT 10.0; WOW64) AppleWebKit/537.36 (KHTML, like Gecko) Chrome/68.0.3440.15 Safari/537.36"
::1 - - [06/Jul/2018:08:43:28 +0000] "GET /js/angular.min.js.map HTTP/1.1" 404 1397 "-" "Mozilla/5.0 (Windows NT 10.0; WOW64) AppleWebKit/537.36 (KHTML, like Gecko) Chrome/68.0.3440.15 Safari/537.36"
::1 - - [06/Jul/2018:08:43:28 +0000] "GET /js/angular.min.js.map HTTP/1.1" 404 1397 "-" "Mozilla/5.0 (Windows NT 10.0; WOW64) AppleWebKit/537.36 (KHTML, like Gecko) Chrome/68.0.3440.15 Safari/537.36"
::1 - - [06/Jul/2018:08:43:28 +0000] "GET /js/angular.min.js.map HTTP/1.1" 404 1397 "-" "Mozilla/5.0 (Windows NT 10.0; WOW64) AppleWebKit/537.36 (KHTML, like Gecko) Chrome/68.0.3440.15 Safari/537.36"
::1 - - [06/Jul/2018:08:43:28 +0000] "GET /js/angular.min.js.map HTTP/1.1" 404 1397 "-" "Mozilla/5.0 (Windows NT 10.0; WOW64) AppleWebKit/537.36 (KHTML, like Gecko) Chrome/68.0.3440.15 Safari/537.36"
::1 - - [06/Jul/2018:08:44:44 +0000] "GET /js/angular.min.js.map HTTP/1.1" 404 1397 "-" "Mozilla/5.0 (Windows NT 10.0; WOW64) AppleWebKit/537.36 (KHTML, like Gecko) Chrome/68.0.3440.15 Safari/537.36"
::1 - - [06/Jul/2018:08:52:40 +0000] "GET /p/users/queryAll HTTP/1.1" 200 66 "http://localhost:3000/" "Mozilla/5.0 (Windows NT 10.0; WOW64) AppleWebKit/537.36 (KHTML, like Gecko) Chrome/68.0.3440.15 Safari/537.36"
::1 - - [06/Jul/2018:08:54:13 +0000] "GET /p/users/queryAll HTTP/1.1" 304 - "http://localhost:3000/" "Mozilla/5.0 (Windows NT 10.0; WOW64) AppleWebKit/537.36 (KHTML, like Gecko) Chrome/68.0.3440.15 Safari/537.36"
::1 - - [06/Jul/2018:08:54:15 +0000] "GET /p/users/queryAll HTTP/1.1" 304 - "http://localhost:3000/" "Mozilla/5.0 (Windows NT 10.0; WOW64) AppleWebKit/537.36 (KHTML, like Gecko) Chrome/68.0.3440.15 Safari/537.36"
::1 - - [06/Jul/2018:08:55:07 +0000] "GET /p/users/queryAll HTTP/1.1" 304 - "http://localhost:3000/" "Mozilla/5.0 (Windows NT 10.0; WOW64) AppleWebKit/537.36 (KHTML, like Gecko) Chrome/68.0.3440.15 Safari/537.36"
::1 - - [06/Jul/2018:08:55:09 +0000] "GET /p/users/queryAll HTTP/1.1" 304 - "http://localhost:3000/" "Mozilla/5.0 (Windows NT 10.0; WOW64) AppleWebKit/537.36 (KHTML, like Gecko) Chrome/68.0.3440.15 Safari/537.36"
::1 - - [06/Jul/2018:08:55:25 +0000] "GET /p/users/queryAll HTTP/1.1" 304 - "http://localhost:3000/" "Mozilla/5.0 (Windows NT 10.0; WOW64) AppleWebKit/537.36 (KHTML, like Gecko) Chrome/68.0.3440.15 Safari/537.36"
::1 - - [06/Jul/2018:08:55:26 +0000] "GET /p/users/queryAll HTTP/1.1" 304 - "http://localhost:3000/" "Mozilla/5.0 (Windows NT 10.0; WOW64) AppleWebKit/537.36 (KHTML, like Gecko) Chrome/68.0.3440.15 Safari/537.36"
::1 - - [06/Jul/2018:08:55:27 +0000] "GET /p/users/queryAll HTTP/1.1" 304 - "http://localhost:3000/" "Mozilla/5.0 (Windows NT 10.0; WOW64) AppleWebKit/537.36 (KHTML, like Gecko) Chrome/68.0.3440.15 Safari/537.36"
::1 - - [06/Jul/2018:09:03:48 +0000] "GET /p/users/queryAll HTTP/1.1" 304 - "http://localhost:3000/" "Mozilla/5.0 (Windows NT 10.0; WOW64) AppleWebKit/537.36 (KHTML, like Gecko) Chrome/68.0.3440.15 Safari/537.36"
::1 - - [06/Jul/2018:09:18:13 +0000] "GET /p/users/queryAll HTTP/1.1" 304 - "http://localhost:3000/" "Mozilla/5.0 (Windows NT 10.0; WOW64) AppleWebKit/537.36 (KHTML, like Gecko) Chrome/68.0.3440.15 Safari/537.36"
::1 - - [06/Jul/2018:09:18:14 +0000] "GET /p/users/queryAll HTTP/1.1" 304 - "http://localhost:3000/" "Mozilla/5.0 (Windows NT 10.0; WOW64) AppleWebKit/537.36 (KHTML, like Gecko) Chrome/68.0.3440.15 Safari/537.36"
::1 - - [06/Jul/2018:09:19:17 +0000] "GET /p/users/queryAll HTTP/1.1" 304 - "http://localhost:3000/" "Mozilla/5.0 (Windows NT 10.0; WOW64) AppleWebKit/537.36 (KHTML, like Gecko) Chrome/68.0.3440.15 Safari/537.36"
::1 - - [06/Jul/2018:09:19:57 +0000] "GET /p/users/queryAll HTTP/1.1" 304 - "http://localhost:3000/" "Mozilla/5.0 (Windows NT 10.0; WOW64) AppleWebKit/537.36 (KHTML, like Gecko) Chrome/68.0.3440.15 Safari/537.36"
::1 - - [06/Jul/2018:09:19:58 +0000] "GET /p/users/queryAll HTTP/1.1" 304 - "http://localhost:3000/" "Mozilla/5.0 (Windows NT 10.0; WOW64) AppleWebKit/537.36 (KHTML, like Gecko) Chrome/68.0.3440.15 Safari/537.36"
::1 - - [06/Jul/2018:09:21:56 +0000] "GET /p/users/queryAll HTTP/1.1" 304 - "http://localhost:3000/" "Mozilla/5.0 (Windows NT 10.0; WOW64) AppleWebKit/537.36 (KHTML, like Gecko) Chrome/68.0.3440.15 Safari/537.36"
::1 - - [06/Jul/2018:09:22:49 +0000] "GET /p/users/queryAll HTTP/1.1" 304 - "http://localhost:3000/" "Mozilla/5.0 (Windows NT 10.0; WOW64) AppleWebKit/537.36 (KHTML, like Gecko) Chrome/68.0.3440.15 Safari/537.36"
::1 - - [06/Jul/2018:09:22:50 +0000] "GET /p/users/queryAll HTTP/1.1" 304 - "http://localhost:3000/" "Mozilla/5.0 (Windows NT 10.0; WOW64) AppleWebKit/537.36 (KHTML, like Gecko) Chrome/68.0.3440.15 Safari/537.36"
::1 - - [06/Jul/2018:09:22:58 +0000] "GET /p/users/addUser?name=wqeqwe&age=undefined HTTP/1.1" 200 33 "http://localhost:3000/" "Mozilla/5.0 (Windows NT 10.0; WOW64) AppleWebKit/537.36 (KHTML, like Gecko) Chrome/68.0.3440.15 Safari/537.36"
::1 - - [06/Jul/2018:09:22:59 +0000] "GET /p/users/queryAll HTTP/1.1" 304 - "http://localhost:3000/" "Mozilla/5.0 (Windows NT 10.0; WOW64) AppleWebKit/537.36 (KHTML, like Gecko) Chrome/68.0.3440.15 Safari/537.36"
::1 - - [06/Jul/2018:09:23:03 +0000] "GET /p/users/queryAll HTTP/1.1" 304 - "http://localhost:3000/" "Mozilla/5.0 (Windows NT 10.0; WOW64) AppleWebKit/537.36 (KHTML, like Gecko) Chrome/68.0.3440.15 Safari/537.36"
::1 - - [06/Jul/2018:09:23:05 +0000] "GET /p/users/queryAll HTTP/1.1" 304 - "http://localhost:3000/" "Mozilla/5.0 (Windows NT 10.0; WOW64) AppleWebKit/537.36 (KHTML, like Gecko) Chrome/68.0.3440.15 Safari/537.36"
::1 - - [06/Jul/2018:09:23:32 +0000] "GET /p/users/queryAll HTTP/1.1" 304 - "http://localhost:3000/" "Mozilla/5.0 (Windows NT 10.0; WOW64) AppleWebKit/537.36 (KHTML, like Gecko) Chrome/68.0.3440.15 Safari/537.36"
::1 - - [06/Jul/2018:09:23:33 +0000] "GET /p/users/queryAll HTTP/1.1" 304 - "http://localhost:3000/" "Mozilla/5.0 (Windows NT 10.0; WOW64) AppleWebKit/537.36 (KHTML, like Gecko) Chrome/68.0.3440.15 Safari/537.36"
::1 - - [06/Jul/2018:09:23:50 +0000] "GET /p/users/queryAll HTTP/1.1" 304 - "http://localhost:3000/" "Mozilla/5.0 (Windows NT 10.0; WOW64) AppleWebKit/537.36 (KHTML, like Gecko) Chrome/68.0.3440.15 Safari/537.36"
::1 - - [06/Jul/2018:09:23:52 +0000] "GET /p/users/queryAll HTTP/1.1" 304 - "http://localhost:3000/" "Mozilla/5.0 (Windows NT 10.0; WOW64) AppleWebKit/537.36 (KHTML, like Gecko) Chrome/68.0.3440.15 Safari/537.36"
::1 - - [06/Jul/2018:09:23:53 +0000] "GET /p/users/queryAll HTTP/1.1" 304 - "http://localhost:3000/" "Mozilla/5.0 (Windows NT 10.0; WOW64) AppleWebKit/537.36 (KHTML, like Gecko) Chrome/68.0.3440.15 Safari/537.36"
::1 - - [06/Jul/2018:09:24:03 +0000] "GET /p/users/addUser?name=wewe&age=undefined HTTP/1.1" 200 33 "http://localhost:3000/" "Mozilla/5.0 (Windows NT 10.0; WOW64) AppleWebKit/537.36 (KHTML, like Gecko) Chrome/68.0.3440.15 Safari/537.36"
::1 - - [06/Jul/2018:09:24:25 +0000] "GET /p/users/queryAll HTTP/1.1" 304 - "http://localhost:3000/" "Mozilla/5.0 (Windows NT 10.0; WOW64) AppleWebKit/537.36 (KHTML, like Gecko) Chrome/68.0.3440.15 Safari/537.36"
::1 - - [06/Jul/2018:09:24:49 +0000] "GET /p/users/queryAll HTTP/1.1" 304 - "http://localhost:3000/" "Mozilla/5.0 (Windows NT 10.0; WOW64) AppleWebKit/537.36 (KHTML, like Gecko) Chrome/68.0.3440.15 Safari/537.36"
::1 - - [06/Jul/2018:09:24:50 +0000] "GET /p/users/queryAll HTTP/1.1" 304 - "http://localhost:3000/" "Mozilla/5.0 (Windows NT 10.0; WOW64) AppleWebKit/537.36 (KHTML, like Gecko) Chrome/68.0.3440.15 Safari/537.36"
::1 - - [06/Jul/2018:09:24:52 +0000] "GET /p/users/addUser?name=qwe&age=wqeqw HTTP/1.1" 200 33 "http://localhost:3000/" "Mozilla/5.0 (Windows NT 10.0; WOW64) AppleWebKit/537.36 (KHTML, like Gecko) Chrome/68.0.3440.15 Safari/537.36"
::1 - - [06/Jul/2018:09:24:53 +0000] "GET /p/users/queryAll HTTP/1.1" 304 - "http://localhost:3000/" "Mozilla/5.0 (Windows NT 10.0; WOW64) AppleWebKit/537.36 (KHTML, like Gecko) Chrome/68.0.3440.15 Safari/537.36"
::1 - - [06/Jul/2018:09:24:55 +0000] "GET /p/users/queryAll HTTP/1.1" 304 - "http://localhost:3000/" "Mozilla/5.0 (Windows NT 10.0; WOW64) AppleWebKit/537.36 (KHTML, like Gecko) Chrome/68.0.3440.15 Safari/537.36"
::1 - - [06/Jul/2018:09:24:56 +0000] "GET /p/users/queryAll HTTP/1.1" 304 - "http://localhost:3000/" "Mozilla/5.0 (Windows NT 10.0; WOW64) AppleWebKit/537.36 (KHTML, like Gecko) Chrome/68.0.3440.15 Safari/537.36"
::1 - - [06/Jul/2018:09:25:08 +0000] "GET /p/users/addUser?name=wqewqe&age=11 HTTP/1.1" 200 33 "http://localhost:3000/" "Mozilla/5.0 (Windows NT 10.0; WOW64) AppleWebKit/537.36 (KHTML, like Gecko) Chrome/68.0.3440.15 Safari/537.36"
::1 - - [06/Jul/2018:09:25:13 +0000] "GET /p/users/queryAll HTTP/1.1" 304 - "http://localhost:3000/" "Mozilla/5.0 (Windows NT 10.0; WOW64) AppleWebKit/537.36 (KHTML, like Gecko) Chrome/68.0.3440.15 Safari/537.36"
::1 - - [06/Jul/2018:09:26:26 +0000] "GET /p/users/addUser?name=wqewqe&age=11 HTTP/1.1" 304 - "http://localhost:3000/" "Mozilla/5.0 (Windows NT 10.0; WOW64) AppleWebKit/537.36 (KHTML, like Gecko) Chrome/68.0.3440.15 Safari/537.36"
::1 - - [06/Jul/2018:09:26:28 +0000] "GET /p/users/queryAll HTTP/1.1" 304 - "http://localhost:3000/" "Mozilla/5.0 (Windows NT 10.0; WOW64) AppleWebKit/537.36 (KHTML, like Gecko) Chrome/68.0.3440.15 Safari/537.36"
::1 - - [06/Jul/2018:09:26:45 +0000] "GET /p/users/queryAll HTTP/1.1" 304 - "http://localhost:3000/" "Mozilla/5.0 (Windows NT 10.0; WOW64) AppleWebKit/537.36 (KHTML, like Gecko) Chrome/68.0.3440.15 Safari/537.36"
::1 - - [06/Jul/2018:09:26:49 +0000] "GET /p/users/addUser?name=wqe&age=11 HTTP/1.1" 200 33 "http://localhost:3000/" "Mozilla/5.0 (Windows NT 10.0; WOW64) AppleWebKit/537.36 (KHTML, like Gecko) Chrome/68.0.3440.15 Safari/537.36"
::1 - - [06/Jul/2018:09:26:52 +0000] "GET /p/users/queryAll HTTP/1.1" 304 - "http://localhost:3000/" "Mozilla/5.0 (Windows NT 10.0; WOW64) AppleWebKit/537.36 (KHTML, like Gecko) Chrome/68.0.3440.15 Safari/537.36"
::1 - - [06/Jul/2018:09:26:59 +0000] "GET /p/users/queryAll HTTP/1.1" 304 - "http://localhost:3000/" "Mozilla/5.0 (Windows NT 10.0; WOW64) AppleWebKit/537.36 (KHTML, like Gecko) Chrome/68.0.3440.15 Safari/537.36"
::1 - - [06/Jul/2018:09:27:02 +0000] "GET /p/users/addUser?name=wqeq&age=111 HTTP/1.1" 200 33 "http://localhost:3000/" "Mozilla/5.0 (Windows NT 10.0; WOW64) AppleWebKit/537.36 (KHTML, like Gecko) Chrome/68.0.3440.15 Safari/537.36"
::1 - - [06/Jul/2018:09:27:04 +0000] "GET /p/users/queryAll HTTP/1.1" 304 - "http://localhost:3000/" "Mozilla/5.0 (Windows NT 10.0; WOW64) AppleWebKit/537.36 (KHTML, like Gecko) Chrome/68.0.3440.15 Safari/537.36"
::1 - - [06/Jul/2018:09:27:09 +0000] "GET /p/users/queryAll HTTP/1.1" 304 - "http://localhost:3000/" "Mozilla/5.0 (Windows NT 10.0; WOW64) AppleWebKit/537.36 (KHTML, like Gecko) Chrome/68.0.3440.15 Safari/537.36"
::1 - - [06/Jul/2018:09:27:33 +0000] "GET /p/users/queryAll HTTP/1.1" 304 - "http://localhost:3000/" "Mozilla/5.0 (Windows NT 10.0; WOW64) AppleWebKit/537.36 (KHTML, like Gecko) Chrome/68.0.3440.15 Safari/537.36"
::1 - - [06/Jul/2018:09:27:36 +0000] "GET /p/users/addUser?name=wqewqe&age=111 HTTP/1.1" 200 33 "http://localhost:3000/" "Mozilla/5.0 (Windows NT 10.0; WOW64) AppleWebKit/537.36 (KHTML, like Gecko) Chrome/68.0.3440.15 Safari/537.36"
::1 - - [06/Jul/2018:09:27:37 +0000] "GET /p/users/queryAll HTTP/1.1" 304 - "http://localhost:3000/" "Mozilla/5.0 (Windows NT 10.0; WOW64) AppleWebKit/537.36 (KHTML, like Gecko) Chrome/68.0.3440.15 Safari/537.36"
::1 - - [06/Jul/2018:09:27:41 +0000] "GET /p/users/addUser?name=wqewqe&age=111 HTTP/1.1" 304 - "http://localhost:3000/" "Mozilla/5.0 (Windows NT 10.0; WOW64) AppleWebKit/537.36 (KHTML, like Gecko) Chrome/68.0.3440.15 Safari/537.36"
::1 - - [06/Jul/2018:09:27:43 +0000] "GET /p/users/queryAll HTTP/1.1" 304 - "http://localhost:3000/" "Mozilla/5.0 (Windows NT 10.0; WOW64) AppleWebKit/537.36 (KHTML, like Gecko) Chrome/68.0.3440.15 Safari/537.36"
::1 - - [06/Jul/2018:09:31:08 +0000] "GET /p/users/queryAll HTTP/1.1" 304 - "http://localhost:3000/" "Mozilla/5.0 (Windows NT 10.0; WOW64) AppleWebKit/537.36 (KHTML, like Gecko) Chrome/68.0.3440.15 Safari/537.36"
::1 - - [06/Jul/2018:09:31:12 +0000] "GET /p/users/addUser?name=2q31&age=11 HTTP/1.1" 200 33 "http://localhost:3000/" "Mozilla/5.0 (Windows NT 10.0; WOW64) AppleWebKit/537.36 (KHTML, like Gecko) Chrome/68.0.3440.15 Safari/537.36"
::1 - - [06/Jul/2018:09:31:20 +0000] "GET /p/users/queryAll HTTP/1.1" 304 - "http://localhost:3000/" "Mozilla/5.0 (Windows NT 10.0; WOW64) AppleWebKit/537.36 (KHTML, like Gecko) Chrome/68.0.3440.15 Safari/537.36"
::1 - - [06/Jul/2018:09:31:22 +0000] "GET /p/users/queryAll HTTP/1.1" 304 - "http://localhost:3000/" "Mozilla/5.0 (Windows NT 10.0; WOW64) AppleWebKit/537.36 (KHTML, like Gecko) Chrome/68.0.3440.15 Safari/537.36"
::1 - - [06/Jul/2018:09:32:22 +0000] "GET /p/users/queryAll HTTP/1.1" 200 66 "http://localhost:3000/" "Mozilla/5.0 (Windows NT 10.0; WOW64) AppleWebKit/537.36 (KHTML, like Gecko) Chrome/68.0.3440.15 Safari/537.36"
::1 - - [06/Jul/2018:09:34:24 +0000] "GET /p/users/queryAll HTTP/1.1" 304 - "http://localhost:3000/" "Mozilla/5.0 (Windows NT 10.0; WOW64) AppleWebKit/537.36 (KHTML, like Gecko) Chrome/68.0.3440.15 Safari/537.36"
::1 - - [06/Jul/2018:09:34:28 +0000] "GET /p/users/addUser?name=wqewq&age=11 HTTP/1.1" 200 33 "http://localhost:3000/" "Mozilla/5.0 (Windows NT 10.0; WOW64) AppleWebKit/537.36 (KHTML, like Gecko) Chrome/68.0.3440.15 Safari/537.36"
::1 - - [06/Jul/2018:09:34:29 +0000] "GET /p/users/queryAll HTTP/1.1" 304 - "http://localhost:3000/" "Mozilla/5.0 (Windows NT 10.0; WOW64) AppleWebKit/537.36 (KHTML, like Gecko) Chrome/68.0.3440.15 Safari/537.36"
::1 - - [06/Jul/2018:09:35:48 +0000] "GET /p/users/queryAll HTTP/1.1" 304 - "http://localhost:3000/" "Mozilla/5.0 (Windows NT 10.0; WOW64) AppleWebKit/537.36 (KHTML, like Gecko) Chrome/68.0.3440.15 Safari/537.36"
::1 - - [06/Jul/2018:09:35:49 +0000] "GET /p/users/queryAll HTTP/1.1" 304 - "http://localhost:3000/" "Mozilla/5.0 (Windows NT 10.0; WOW64) AppleWebKit/537.36 (KHTML, like Gecko) Chrome/68.0.3440.15 Safari/537.36"
::1 - - [06/Jul/2018:09:35:58 +0000] "GET /p/users/queryAll HTTP/1.1" 304 - "http://localhost:3000/" "Mozilla/5.0 (Windows NT 10.0; WOW64) AppleWebKit/537.36 (KHTML, like Gecko) Chrome/68.0.3440.15 Safari/537.36"
::1 - - [06/Jul/2018:09:36:02 +0000] "GET /p/users/addUser?name=213&age=21312 HTTP/1.1" 200 33 "http://localhost:3000/" "Mozilla/5.0 (Windows NT 10.0; WOW64) AppleWebKit/537.36 (KHTML, like Gecko) Chrome/68.0.3440.15 Safari/537.36"
::1 - - [06/Jul/2018:09:36:03 +0000] "GET /p/users/queryAll HTTP/1.1" 200 100 "http://localhost:3000/" "Mozilla/5.0 (Windows NT 10.0; WOW64) AppleWebKit/537.36 (KHTML, like Gecko) Chrome/68.0.3440.15 Safari/537.36"
::1 - - [06/Jul/2018:09:42:31 +0000] "GET /p/users/queryAll HTTP/1.1" 200 2 "http://localhost:3000/" "Mozilla/5.0 (Windows NT 10.0; WOW64) AppleWebKit/537.36 (KHTML, like Gecko) Chrome/68.0.3440.15 Safari/537.36"
::1 - - [06/Jul/2018:09:42:32 +0000] "GET /p/users/queryAll HTTP/1.1" 304 - "http://localhost:3000/" "Mozilla/5.0 (Windows NT 10.0; WOW64) AppleWebKit/537.36 (KHTML, like Gecko) Chrome/68.0.3440.15 Safari/537.36"
::1 - - [06/Jul/2018:09:42:36 +0000] "GET /p/users/addUser?name=wqeqw&age=111 HTTP/1.1" 200 33 "http://localhost:3000/" "Mozilla/5.0 (Windows NT 10.0; WOW64) AppleWebKit/537.36 (KHTML, like Gecko) Chrome/68.0.3440.15 Safari/537.36"
::1 - - [06/Jul/2018:09:42:38 +0000] "GET /p/users/queryAll HTTP/1.1" 304 - "http://localhost:3000/" "Mozilla/5.0 (Windows NT 10.0; WOW64) AppleWebKit/537.36 (KHTML, like Gecko) Chrome/68.0.3440.15 Safari/537.36"
::1 - - [06/Jul/2018:09:43:02 +0000] "GET /p/users/queryAll HTTP/1.1" 304 - "http://localhost:3000/" "Mozilla/5.0 (Windows NT 10.0; WOW64) AppleWebKit/537.36 (KHTML, like Gecko) Chrome/68.0.3440.15 Safari/537.36"
::1 - - [06/Jul/2018:09:43:04 +0000] "GET /p/users/addUser?name=wqewq&age=wq HTTP/1.1" 200 33 "http://localhost:3000/" "Mozilla/5.0 (Windows NT 10.0; WOW64) AppleWebKit/537.36 (KHTML, like Gecko) Chrome/68.0.3440.15 Safari/537.36"
::1 - - [06/Jul/2018:09:43:05 +0000] "GET /p/users/queryAll HTTP/1.1" 304 - "http://localhost:3000/" "Mozilla/5.0 (Windows NT 10.0; WOW64) AppleWebKit/537.36 (KHTML, like Gecko) Chrome/68.0.3440.15 Safari/537.36"
::1 - - [06/Jul/2018:09:43:55 +0000] "GET /p/users/queryAll HTTP/1.1" 304 - "http://localhost:3000/" "Mozilla/5.0 (Windows NT 10.0; WOW64) AppleWebKit/537.36 (KHTML, like Gecko) Chrome/68.0.3440.15 Safari/537.36"
::1 - - [06/Jul/2018:09:43:57 +0000] "GET /p/users/addUser?name=21312&age=12312 HTTP/1.1" 200 33 "http://localhost:3000/" "Mozilla/5.0 (Windows NT 10.0; WOW64) AppleWebKit/537.36 (KHTML, like Gecko) Chrome/68.0.3440.15 Safari/537.36"
::1 - - [06/Jul/2018:09:43:58 +0000] "GET /p/users/queryAll HTTP/1.1" 304 - "http://localhost:3000/" "Mozilla/5.0 (Windows NT 10.0; WOW64) AppleWebKit/537.36 (KHTML, like Gecko) Chrome/68.0.3440.15 Safari/537.36"
::1 - - [06/Jul/2018:09:45:41 +0000] "GET /p/users/queryAll HTTP/1.1" 304 - "http://localhost:3000/" "Mozilla/5.0 (Windows NT 10.0; WOW64) AppleWebKit/537.36 (KHTML, like Gecko) Chrome/68.0.3440.15 Safari/537.36"
::1 - - [06/Jul/2018:09:45:43 +0000] "GET /p/users/addUser?name=12312&age=213123 HTTP/1.1" 200 33 "http://localhost:3000/" "Mozilla/5.0 (Windows NT 10.0; WOW64) AppleWebKit/537.36 (KHTML, like Gecko) Chrome/68.0.3440.15 Safari/537.36"
::1 - - [06/Jul/2018:09:45:45 +0000] "GET /p/users/queryAll HTTP/1.1" 200 38 "http://localhost:3000/" "Mozilla/5.0 (Windows NT 10.0; WOW64) AppleWebKit/537.36 (KHTML, like Gecko) Chrome/68.0.3440.15 Safari/537.36"
::1 - - [06/Jul/2018:09:45:56 +0000] "GET /p/users/addUser?name=wqeqw&age=qweqe HTTP/1.1" 200 33 "http://localhost:3000/" "Mozilla/5.0 (Windows NT 10.0; WOW64) AppleWebKit/537.36 (KHTML, like Gecko) Chrome/68.0.3440.15 Safari/537.36"
::1 - - [06/Jul/2018:09:45:57 +0000] "GET /p/users/queryAll HTTP/1.1" 304 - "http://localhost:3000/" "Mozilla/5.0 (Windows NT 10.0; WOW64) AppleWebKit/537.36 (KHTML, like Gecko) Chrome/68.0.3440.15 Safari/537.36"
::1 - - [06/Jul/2018:09:46:05 +0000] "GET /p/users/queryAll HTTP/1.1" 304 - "http://localhost:3000/" "Mozilla/5.0 (Windows NT 10.0; WOW64) AppleWebKit/537.36 (KHTML, like Gecko) Chrome/68.0.3440.15 Safari/537.36"
::1 - - [06/Jul/2018:09:46:18 +0000] "GET /p/users/queryAll HTTP/1.1" 304 - "http://localhost:3000/" "Mozilla/5.0 (Windows NT 10.0; WOW64) AppleWebKit/537.36 (KHTML, like Gecko) Chrome/68.0.3440.15 Safari/537.36"
::1 - - [06/Jul/2018:09:46:21 +0000] "GET /p/users/addUser?name=wqeqw&age=qwewq HTTP/1.1" 200 33 "http://localhost:3000/" "Mozilla/5.0 (Windows NT 10.0; WOW64) AppleWebKit/537.36 (KHTML, like Gecko) Chrome/68.0.3440.15 Safari/537.36"
::1 - - [06/Jul/2018:09:46:22 +0000] "GET /p/users/queryAll HTTP/1.1" 304 - "http://localhost:3000/" "Mozilla/5.0 (Windows NT 10.0; WOW64) AppleWebKit/537.36 (KHTML, like Gecko) Chrome/68.0.3440.15 Safari/537.36"
::1 - - [06/Jul/2018:09:48:03 +0000] "GET /p/users/queryAll HTTP/1.1" 200 94 "http://localhost:3000/" "Mozilla/5.0 (Windows NT 10.0; WOW64) AppleWebKit/537.36 (KHTML, like Gecko) Chrome/68.0.3440.15 Safari/537.36"
::1 - - [06/Jul/2018:09:48:04 +0000] "GET /p/users/queryAll HTTP/1.1" 304 - "http://localhost:3000/" "Mozilla/5.0 (Windows NT 10.0; WOW64) AppleWebKit/537.36 (KHTML, like Gecko) Chrome/68.0.3440.15 Safari/537.36"
::1 - - [06/Jul/2018:09:48:16 +0000] "GET /p/users/addUser?name=qwewq&age=qweq HTTP/1.1" 200 33 "http://localhost:3000/" "Mozilla/5.0 (Windows NT 10.0; WOW64) AppleWebKit/537.36 (KHTML, like Gecko) Chrome/68.0.3440.15 Safari/537.36"
::1 - - [06/Jul/2018:09:48:18 +0000] "GET /p/users/queryAll HTTP/1.1" 304 - "http://localhost:3000/" "Mozilla/5.0 (Windows NT 10.0; WOW64) AppleWebKit/537.36 (KHTML, like Gecko) Chrome/68.0.3440.15 Safari/537.36"
::1 - - [06/Jul/2018:09:49:28 +0000] "GET /p/users/queryAll HTTP/1.1" 200 122 "http://localhost:3000/" "Mozilla/5.0 (Windows NT 10.0; WOW64) AppleWebKit/537.36 (KHTML, like Gecko) Chrome/68.0.3440.15 Safari/537.36"
::1 - - [06/Jul/2018:09:49:32 +0000] "GET /p/users/addUser?name=1231231&age=111 HTTP/1.1" 200 33 "http://localhost:3000/" "Mozilla/5.0 (Windows NT 10.0; WOW64) AppleWebKit/537.36 (KHTML, like Gecko) Chrome/68.0.3440.15 Safari/537.36"
::1 - - [06/Jul/2018:09:49:34 +0000] "GET /p/users/queryAll HTTP/1.1" 200 158 "http://localhost:3000/" "Mozilla/5.0 (Windows NT 10.0; WOW64) AppleWebKit/537.36 (KHTML, like Gecko) Chrome/68.0.3440.15 Safari/537.36"
::1 - - [06/Jul/2018:09:49:46 +0000] "GET /p/users/queryAll HTTP/1.1" 304 - "http://localhost:3000/" "Mozilla/5.0 (Windows NT 10.0; WOW64) AppleWebKit/537.36 (KHTML, like Gecko) Chrome/68.0.3440.15 Safari/537.36"
::1 - - [06/Jul/2018:09:50:07 +0000] "GET /p/users/queryAll HTTP/1.1" 200 186 "http://localhost:3000/" "Mozilla/5.0 (Windows NT 10.0; WOW64) AppleWebKit/537.36 (KHTML, like Gecko) Chrome/68.0.3440.15 Safari/537.36"
::1 - - [06/Jul/2018:09:52:24 +0000] "GET /p/users/queryAll HTTP/1.1" 304 - "http://localhost:3000/" "Mozilla/5.0 (Windows NT 10.0; WOW64) AppleWebKit/537.36 (KHTML, like Gecko) Chrome/68.0.3440.15 Safari/537.36"
::1 - - [06/Jul/2018:09:52:36 +0000] "GET /p/users/queryAll HTTP/1.1" 200 186 "http://localhost:3000/" "Mozilla/5.0 (Windows NT 10.0; WOW64) AppleWebKit/537.36 (KHTML, like Gecko) Chrome/68.0.3440.15 Safari/537.36"
::1 - - [06/Jul/2018:09:52:40 +0000] "GET /p/users/deleteUser?id=7 HTTP/1.1" 200 33 "http://localhost:3000/" "Mozilla/5.0 (Windows NT 10.0; WOW64) AppleWebKit/537.36 (KHTML, like Gecko) Chrome/68.0.3440.15 Safari/537.36"
::1 - - [06/Jul/2018:09:52:41 +0000] "GET /p/users/queryAll HTTP/1.1" 200 158 "http://localhost:3000/" "Mozilla/5.0 (Windows NT 10.0; WOW64) AppleWebKit/537.36 (KHTML, like Gecko) Chrome/68.0.3440.15 Safari/537.36"
::1 - - [06/Jul/2018:09:52:53 +0000] "GET /p/users/deleteUser?id=2 HTTP/1.1" 200 33 "http://localhost:3000/" "Mozilla/5.0 (Windows NT 10.0; WOW64) AppleWebKit/537.36 (KHTML, like Gecko) Chrome/68.0.3440.15 Safari/537.36"
::1 - - [06/Jul/2018:09:52:54 +0000] "GET /p/users/queryAll HTTP/1.1" 200 121 "http://localhost:3000/" "Mozilla/5.0 (Windows NT 10.0; WOW64) AppleWebKit/537.36 (KHTML, like Gecko) Chrome/68.0.3440.15 Safari/537.36"
::1 - - [06/Jul/2018:09:52:55 +0000] "GET /p/users/deleteUser?id=3 HTTP/1.1" 200 33 "http://localhost:3000/" "Mozilla/5.0 (Windows NT 10.0; WOW64) AppleWebKit/537.36 (KHTML, like Gecko) Chrome/68.0.3440.15 Safari/537.36"
::1 - - [06/Jul/2018:09:52:56 +0000] "GET /p/users/queryAll HTTP/1.1" 200 93 "http://localhost:3000/" "Mozilla/5.0 (Windows NT 10.0; WOW64) AppleWebKit/537.36 (KHTML, like Gecko) Chrome/68.0.3440.15 Safari/537.36"
::1 - - [06/Jul/2018:09:52:57 +0000] "GET /p/users/deleteUser?id=4 HTTP/1.1" 200 33 "http://localhost:3000/" "Mozilla/5.0 (Windows NT 10.0; WOW64) AppleWebKit/537.36 (KHTML, like Gecko) Chrome/68.0.3440.15 Safari/537.36"
::1 - - [06/Jul/2018:09:52:58 +0000] "GET /p/users/queryAll HTTP/1.1" 200 65 "http://localhost:3000/" "Mozilla/5.0 (Windows NT 10.0; WOW64) AppleWebKit/537.36 (KHTML, like Gecko) Chrome/68.0.3440.15 Safari/537.36"
::1 - - [06/Jul/2018:09:52:59 +0000] "GET /p/users/deleteUser?id=5 HTTP/1.1" 200 33 "http://localhost:3000/" "Mozilla/5.0 (Windows NT 10.0; WOW64) AppleWebKit/537.36 (KHTML, like Gecko) Chrome/68.0.3440.15 Safari/537.36"
::1 - - [06/Jul/2018:09:53:00 +0000] "GET /p/users/queryAll HTTP/1.1" 200 37 "http://localhost:3000/" "Mozilla/5.0 (Windows NT 10.0; WOW64) AppleWebKit/537.36 (KHTML, like Gecko) Chrome/68.0.3440.15 Safari/537.36"
::1 - - [06/Jul/2018:09:53:04 +0000] "GET /p/users/addUser?name=sddsad&age=111 HTTP/1.1" 200 33 "http://localhost:3000/" "Mozilla/5.0 (Windows NT 10.0; WOW64) AppleWebKit/537.36 (KHTML, like Gecko) Chrome/68.0.3440.15 Safari/537.36"
::1 - - [06/Jul/2018:09:53:05 +0000] "GET /p/users/queryAll HTTP/1.1" 200 72 "http://localhost:3000/" "Mozilla/5.0 (Windows NT 10.0; WOW64) AppleWebKit/537.36 (KHTML, like Gecko) Chrome/68.0.3440.15 Safari/537.36"
::1 - - [06/Jul/2018:09:53:34 +0000] "GET /p/users/queryAll HTTP/1.1" 304 - "http://localhost:3000/" "Mozilla/5.0 (Windows NT 10.0; WOW64) AppleWebKit/537.36 (KHTML, like Gecko) Chrome/68.0.3440.15 Safari/537.36"
::1 - - [06/Jul/2018:09:53:38 +0000] "GET /p/users/addUser?name=wqeqw&age=qweqwe HTTP/1.1" 200 33 "http://localhost:3000/" "Mozilla/5.0 (Windows NT 10.0; WOW64) AppleWebKit/537.36 (KHTML, like Gecko) Chrome/68.0.3440.15 Safari/537.36"
::1 - - [06/Jul/2018:09:53:39 +0000] "GET /p/users/queryAll HTTP/1.1" 304 - "http://localhost:3000/" "Mozilla/5.0 (Windows NT 10.0; WOW64) AppleWebKit/537.36 (KHTML, like Gecko) Chrome/68.0.3440.15 Safari/537.36"
::1 - - [06/Jul/2018:09:53:42 +0000] "GET /p/users/addUser?name=wqeqw&age=111 HTTP/1.1" 200 33 "http://localhost:3000/" "Mozilla/5.0 (Windows NT 10.0; WOW64) AppleWebKit/537.36 (KHTML, like Gecko) Chrome/68.0.3440.15 Safari/537.36"
::1 - - [06/Jul/2018:09:53:43 +0000] "GET /p/users/queryAll HTTP/1.1" 200 106 "http://localhost:3000/" "Mozilla/5.0 (Windows NT 10.0; WOW64) AppleWebKit/537.36 (KHTML, like Gecko) Chrome/68.0.3440.15 Safari/537.36"
::1 - - [06/Jul/2018:09:54:05 +0000] "GET /p/users/queryAll HTTP/1.1" 304 - "http://localhost:3000/" "Mozilla/5.0 (Windows NT 10.0; WOW64) AppleWebKit/537.36 (KHTML, like Gecko) Chrome/68.0.3440.15 Safari/537.36"
